09/26/19 16:19 [API][info] -----------------------------------------------
09/26/19 16:19 [API][info] ARK: Server Api V3.0
09/26/19 16:19 [API][info] Loading...

09/26/19 16:19 [API][info] Dumping structures..
09/26/19 16:19 [API][info] Dumping functions..
09/26/19 16:19 [API][info] Dumping globals..
09/26/19 16:19 [API][info] Successfully read information from PDB

09/26/19 16:19 [API][info] Initialized hooks

09/26/19 16:19 [API][info] API was successfully loaded
09/26/19 16:19 [API][info] -----------------------------------------------

09/26/19 16:19 [API][info] UGameEngine::Init was called
09/26/19 16:19 [API][info] Loading plugins..

09/26/19 16:19 [API][info] Loaded plugin All Engrams V1.6 (The easy way to learn all engrams)
09/26/19 16:19 [API][warning] (API::PluginManager::LoadAllPlugins) Plugin antimesh does not exist
09/26/19 16:19 [API][info] Loaded plugin Dino colors V1.1 (Random dino colors)
09/26/19 16:19 [API][info] Loaded plugin Mutes V1.4 (Mute / IP Mute / IP Ban)
09/26/19 16:19 [API][info] Loaded plugin Permissions V1.3 (Manage permissions groups)
09/26/19 16:19 [API][info] Loaded plugin Plugin Crash Manager V1.1 (Automatic save & restart after crash)
09/26/19 16:19 [API][info] Loaded plugin Plugin Update Checker V1.3 (Checks for updates)
09/26/19 16:19 [RconCrossServerChat][info] 127.0.0.1:27020 Rcon Server Added.
09/26/19 16:19 [RconCrossServerChat][info] 127.0.0.1:27015 Rcon Server Added.
09/26/19 16:19 [RconCrossServerChat][info] 127.0.0.1:27002 Rcon Server Added.
09/26/19 16:19 [RconCrossServerChat][info] 127.0.0.1:27001 Rcon Server Added.
09/26/19 16:19 [API][info] Loaded plugin RconCrossServerChat V1.7 (Cross Server chat using RCON)
09/26/19 16:19 [API][info] Loaded all plugins

09/26/19 16:21 [API][info] UWorld::InitWorld was called
